<?xml version="1.0" encoding="UTF-8"?>
<Site BuildName="(empty)"
	BuildStamp="20250103-0831-Experimental"
	Name="ubuntu"
	Generator="ctest-3.16.3"
	CompilerName="/usr/bin/c++"
	CompilerVersion="9.4.0"
	OSName="Linux"
	Hostname="ubuntu"
	OSRelease="5.15.0-125-generic"
	OSVersion="#135~20.04.1-Ubuntu SMP Mon Oct 7 13:56:22 UTC 2024"
	OSPlatform="x86_64"
	Is64Bits="1"
	VendorString="AuthenticAMD"
	VendorID="Advanced Micro Devices"
	FamilyID="23"
	ModelID="24"
	ProcessorCacheSize="512"
	NumberOfLogicalCPU="2"
	NumberOfPhysicalCPU="2"
	TotalVirtualMemory="923"
	TotalPhysicalMemory="3875"
	LogicalProcessorsPerPhysical="1"
	ProcessorClockFrequency="2096.06"
	>
	<Testing>
		<StartDateTime>Jan 03 00:31 PST</StartDateTime>
		<StartTestTime>1735893087</StartTestTime>
		<TestList/>
		<EndDateTime>Jan 03 00:31 PST</EndDateTime>
		<EndTestTime>1735893087</EndTestTime>
		<ElapsedMinutes>0</ElapsedMinutes>
	</Testing>
</Site>
